生成启动时间为 2015/11/4 10:46:12。
     1>项目“F:\work\ScoreBoard\ScoreBoard.vcxproj”在节点 2 上(build 个目标)。
     1>InitializeBuildStatus:
         正在对“.\Debug\ScoreBoard.unsuccessfulbuild”执行 Touch 任务。
       ClCompile:
         D:\Program Files (x86)\Microsoft Visual Studio 10.0\VC\bin\CL.exe /c /I"D:\Program Files\MySQL\MySQL Server 5.5\include\mysql\psi" /I"D:\Program Files\MySQL\MySQL Server 5.5\include\mysql" /I"D:\Program Files\MySQL\MySQL Server 5.5\include" /ZI /nologo /W3 /WX- /Od /Oy- /D WIN32 /D _DEBUG /D _WINDOWS /D _VC80_UPGRADE=0x0600 /D _MBCS /D _AFXDLL /Gm /EHsc /RTC1 /MDd /GS /Gy- /fp:precise /Zc:wchar_t /Zc:forScope /Yc"stdafx.h" /Fp".\Debug\ScoreBoard.pch" /Fo".\Debug\\" /Fd".\Debug\vc100.pdb" /Gd /TP /analyze- /errorReport:prompt StdAfx.cpp
         StdAfx.cpp
         _WIN32_WINNT not defined. Defaulting to _WIN32_WINNT_MAXVER (see WinSDKVer.h)
         D:\Program Files (x86)\Microsoft Visual Studio 10.0\VC\bin\CL.exe /c /I"D:\Program Files\MySQL\MySQL Server 5.5\include\mysql\psi" /I"D:\Program Files\MySQL\MySQL Server 5.5\include\mysql" /I"D:\Program Files\MySQL\MySQL Server 5.5\include" /ZI /nologo /W3 /WX- /Od /Oy- /D WIN32 /D _DEBUG /D _WINDOWS /D _VC80_UPGRADE=0x0600 /D _MBCS /D _AFXDLL /Gm /EHsc /RTC1 /MDd /GS /Gy- /fp:precise /Zc:wchar_t /Zc:forScope /Yu"stdafx.h" /Fp".\Debug\ScoreBoard.pch" /Fo".\Debug\\" /Fd".\Debug\vc100.pdb" /Gd /TP /analyze- /errorReport:prompt MainFrm.cpp ScoreBoard.cpp ScoreBoardDoc.cpp ScoreBoardView.cpp Simulator.cpp
         Simulator.cpp
     1>f:\work\scoreboard\simulator.cpp(42): warning C4996: 'fopen': This function or variable may be unsafe. Consider using fopen_s instead. To disable deprecation, use _CRT_SECURE_NO_WARNINGS. See online help for details.
                 d:\program files (x86)\microsoft visual studio 10.0\vc\include\stdio.h(234) : 参见“fopen”的声明
     1>f:\work\scoreboard\simulator.cpp(49): warning C4996: 'fscanf': This function or variable may be unsafe. Consider using fscanf_s instead. To disable deprecation, use _CRT_SECURE_NO_WARNINGS. See online help for details.
                 d:\program files (x86)\microsoft visual studio 10.0\vc\include\stdio.h(253) : 参见“fscanf”的声明
     1>f:\work\scoreboard\simulator.cpp(54): warning C4996: 'fscanf': This function or variable may be unsafe. Consider using fscanf_s instead. To disable deprecation, use _CRT_SECURE_NO_WARNINGS. See online help for details.
                 d:\program files (x86)\microsoft visual studio 10.0\vc\include\stdio.h(253) : 参见“fscanf”的声明
         ScoreBoardView.cpp
         ScoreBoardDoc.cpp
         ScoreBoard.cpp
     1>f:\work\scoreboard\scoreboard.cpp(60): warning C4996: 'CWinApp::Enable3dControls': CWinApp::Enable3dControls is no longer needed. You should remove this call.
                 d:\program files (x86)\microsoft visual studio 10.0\vc\atlmfc\include\afxwin.h(5344) : 参见“CWinApp::Enable3dControls”的声明
         MainFrm.cpp
         正在生成代码...
       ResourceCompile:
         C:\Program Files (x86)\Microsoft SDKs\Windows\v7.0A\bin\rc.exe /D _DEBUG /D _VC80_UPGRADE=0x0600 /D _AFXDLL /l"0x0804" /nologo /fo".\Debug\ScoreBoard.res" ScoreBoard.rc 
       Link:
         D:\Program Files (x86)\Microsoft Visual Studio 10.0\VC\bin\link.exe /ERRORREPORT:PROMPT /OUT:".\Debug\ScoreBoard.exe" /INCREMENTAL /NOLOGO /LIBPATH:"D:\Program Files\MySQL\MySQL Server 5.5\lib\plugin" /LIBPATH:"D:\Program Files\MySQL\MySQL Server 5.5\lib\debug" /LIBPATH:"D:\Program Files\MySQL\MySQL Server 5.5\lib" libmysql.lib opencv_ml2410d.lib opencv_calib3d2410d.lib opencv_contrib2410d.lib opencv_core2410d.lib opencv_features2d2410d.lib opencv_flann2410d.lib opencv_gpu2410d.lib opencv_highgui2410d.lib opencv_imgproc2410d.lib opencv_legacy2410d.lib opencv_objdetect2410d.lib opencv_ts2410d.lib opencv_video2410d.lib opencv_nonfree2410d.lib opencv_ocl2410d.lib opencv_photo2410d.lib opencv_stitching2410d.lib opencv_superres2410d.lib opencv_videostab2410d.lib opencv_objdetect2410.lib opencv_ts2410.lib opencv_video2410.lib opencv_nonfree2410.lib opencv_ocl2410.lib opencv_photo2410.lib opencv_stitching2410.lib opencv_superres2410.lib opencv_videostab2410.lib opencv_calib3d2410.lib opencv_contrib2410.lib opencv_core2410.lib opencv_features2d2410.lib opencv_flann2410.lib opencv_gpu2410.lib opencv_highgui2410.lib opencv_imgproc2410.lib opencv_legacy2410.lib opencv_ml2410.lib /MANIFEST /ManifestFile:".\Debug\ScoreBoard.exe.intermediate.manifest" /MANIFESTUAC:"level='asInvoker' uiAccess='false'" /DEBUG /PDB:"F:\work\ScoreBoard\Debug\ScoreBoard.pdb" /SUBSYSTEM:WINDOWS /TLBID:1 /DYNAMICBASE /NXCOMPAT /IMPLIB:".\Debug\ScoreBoard.lib" /MACHINE:X86 .\Debug\ScoreBoard.res
         .\Debug\MainFrm.obj
         .\Debug\ScoreBoard.obj
         .\Debug\ScoreBoardDoc.obj
         .\Debug\ScoreBoardView.obj
         .\Debug\Simulator.obj
         .\Debug\StdAfx.obj
         ScoreBoard.vcxproj -> F:\work\ScoreBoard\.\Debug\ScoreBoard.exe
       Manifest:
         C:\Program Files (x86)\Microsoft SDKs\Windows\v7.0A\bin\mt.exe /nologo /verbose /out:"F:\work\ScoreBoard\.\Debug\ScoreBoard.exe.manifest" /manifest .\Debug\ScoreBoard.exe.intermediate.manifest "D:\Program Files (x86)\Microsoft Visual Studio 10.0\VC\Include\Manifest\dpiaware.manifest"
       FinalizeBuildStatus:
         正在删除文件“.\Debug\ScoreBoard.unsuccessfulbuild”。
         正在对“.\Debug\ScoreBoard.lastbuildstate”执行 Touch 任务。
     1>已完成生成项目“F:\work\ScoreBoard\ScoreBoard.vcxproj”(build 个目标)的操作。

生成成功。

已用时间 00:00:03.39
