F:\work\ScoreBoard\.\Debug\ScoreBoard.exe
F:\work\ScoreBoard\Debug\cl.command.1.tlog
F:\work\ScoreBoard\Debug\CL.read.1.tlog
F:\work\ScoreBoard\Debug\CL.write.1.tlog
F:\work\ScoreBoard\Debug\link.command.1.tlog
F:\work\ScoreBoard\Debug\link.read.1.tlog
F:\work\ScoreBoard\Debug\link.write.1.tlog
F:\WORK\SCOREBOARD\DEBUG\MAINFRM.OBJ
F:\work\ScoreBoard\Debug\rc.command.1.tlog
F:\work\ScoreBoard\Debug\rc.read.1.tlog
F:\work\ScoreBoard\Debug\rc.write.1.tlog
F:\WORK\SCOREBOARD\DEBUG\SCOREBOARD.OBJ
F:\WORK\SCOREBOARD\DEBUG\SCOREBOARD.PCH
F:\WORK\SCOREBOARD\DEBUG\SCOREBOARD.RES
F:\work\ScoreBoard\Debug\ScoreBoard.write.1.tlog
F:\WORK\SCOREBOARD\DEBUG\SCOREBOARDDOC.OBJ
F:\WORK\SCOREBOARD\DEBUG\SCOREBOARDVIEW.OBJ
F:\WORK\SCOREBOARD\DEBUG\SIMULATOR.OBJ
F:\WORK\SCOREBOARD\DEBUG\STDAFX.OBJ
F:\work\ScoreBoard\Debug\vc100.idb
F:\WORK\SCOREBOARD\DEBUG\VC100.PDB
